2016-03-17 21:13:31 [py.warnings] WARNING: :0: UserWarning: You do not have a working installation of the service_identity module: 'No module named service_identity'.  Please install it from <https://pypi.python.org/pypi/service_identity> and make sure all of its dependencies are satisfied.  Without the service_identity module and a recent enough pyOpenSSL to support it, Twisted can perform only rudimentary TLS client hostname verification.  Many valid certificate/hostname mappings may be rejected.

2016-03-17 21:13:32 [boto] ERROR: Caught exception reading instance data
Traceback (most recent call last):
  File "C:\Anaconda2\lib\site-packages\boto\utils.py", line 210, in retry_url
    r = opener.open(req, timeout=timeout)
  File "C:\Anaconda2\lib\urllib2.py", line 431, in open
    response = self._open(req, data)
  File "C:\Anaconda2\lib\urllib2.py", line 449, in _open
    '_open', req)
  File "C:\Anaconda2\lib\urllib2.py", line 409, in _call_chain
    result = func(*args)
  File "C:\Anaconda2\lib\urllib2.py", line 1227, in http_open
    return self.do_open(httplib.HTTPConnection, req)
  File "C:\Anaconda2\lib\urllib2.py", line 1197, in do_open
    raise URLError(err)
URLError: <urlopen error timed out>
2016-03-17 21:13:32 [boto] ERROR: Unable to read instance data, giving up
2016-03-17 21:13:33 [py.warnings] WARNING: F:\Pythonworkspace\cnki_scrapy\cnkiSpider_master\cnkiSpider\spiders\cnki_spiders.py:58: ScrapyDeprecationWarning: log.msg has been deprecated, create a python logger and log through it instead
  log.msg("Appending item...", level=log.INFO)

2016-03-17 21:13:33 [py.warnings] WARNING: F:\Pythonworkspace\cnki_scrapy\cnkiSpider_master\cnkiSpider\spiders\cnki_spiders.py:60: ScrapyDeprecationWarning: log.msg has been deprecated, create a python logger and log through it instead
  log.msg("Append done.", level=log.INFO)

2016-03-17 21:13:52 [scrapy] WARNING: Dropped: Missing author in {'abstract': ['<\xe6\xad\xa3>\xe3\x80\x8a\xe8\xbd\xaf\xe4\xbb\xb6\xe5\xad\xa6\xe6\x8a\xa5\xe3\x80\x8b\xe6\x98\xaf\xe4\xb8\x80\xe6\x9c\xac\xe5\x88\x8a\xe7\x99\xbb\xe8\xae\xa1\xe7\xae\x97\xe6\x9c\xba\xe8\xbd\xaf\xe4\xbb\xb6\xe5\x90\x84\xe9\xa2\x86\xe5\x9f\x9f\xe5\x8e\x9f\xe5\x88\x9b\xe6\x80\xa7\xe7\xa0\x94\xe7\xa9\xb6\xe6\x88\x90\xe6\x9e\x9c\xe7\x9a\x84\xe6\x9c\x9f\xe5\x88\x8a,\xe6\x89\x80\xe5\x88\x8a\xe7\x99\xbb\xe7\x9a\x84\xe8\xae\xba\xe6\x96\x87\xe5\x9d\x87\xe7\xbb\x8f\xe8\xbf\x87\xe4\xb8\xa5\xe6\xa0\xbc\xe7\x9a\x84\xe5\x90\x8c\xe8\xa1\x8c\xe4\xb8\x93\xe5\xae\xb6\xe8\xaf\x84\xe8\xae\xae,\xe3\x80\x8a\xe8\xbd\xaf\xe4\xbb\xb6\xe5\xad\xa6\xe6\x8a\xa5\xe3\x80\x8b\xe4\xb8\xbb\xe8\xa6\x81\xe9\x9d\xa2\xe5\x90\x91\xe5\x85\xa8\xe7\x90\x83\xe5\x8d\x8e\xe4\xba\xba\xe8\xae\xa1\xe7\xae\x97\xe6\x9c\xba\xe8\xbd\xaf\xe4\xbb\xb6\xe5\xad\xa6\xe8\x80\x85,\xe8\x87\xb4\xe5\x8a\x9b\xe4\xba\x8e\xe5\x88\x9b\xe5\x8a\x9e\xe4\xb8\x8e\xe4\xb8\x96\xe7\x95\x8c\xe8\xae\xa1\xe7\xae\x97\xe6\x9c\xba\xe7\xa7\x91\xe5\xad\xa6\xe5\x92\x8c\xe8\xbd\xaf\xe4\xbb\xb6\xe6\x8a\x80\xe6\x9c\xaf\xe5\x8f\x91\xe5\xb1\x95\xe5\x90\x8c\xe6\xad\xa5\xe7\x9a\x84\xe4\xbb\xa5\xe4\xb8\xad\xe6\x96\x87\xe4\xb8\xba\xe4\xb8\xbb\xe7\x9a\x84"\xe4\xb8\xad\xe6\x96\x87\xe5\x9b\xbd\xe9\x99\x85\xe8\xbd\xaf\xe4\xbb\xb6\xe5\xad\xa6\xe6\x9c\xaf\xe6\x9c\x9f\xe5\x88\x8a",\xe4\xb8\xba\xe5\x85\xa8\xe7\x90\x83\xe5\x8d\x8e\xe4\xba\xba\xe5\x90\x8c\xe8\xa1\x8c\xe6\x8f\x90\xe4\xbe\x9b\xe5\xad\xa6\xe6\x9c\xaf\xe4\xba\xa4\xe6\xb5\x81\xe5\xb9\xb3\xe5\x8f\xb0,\xe3\x80\x8a\xe8\xbd\xaf\xe4\xbb\xb6\xe5\xad\xa6\xe6\x8a\xa5\xe3\x80\x8b\xe5\x88\x9b\xe5\x88\x8a\xe4\xba\x8e1990\xe5\xb9\xb4,\xe7\x94\xb1\xe4\xb8\xad\xe5\x9b\xbd\xe7\xa7\x91\xe5\xad\xa6\xe9\x99\xa2\xe8\xbd\xaf\xe4\xbb\xb6\xe7\xa0\x94\xe7\xa9\xb6\xe6\x89\x80\xe5\x92\x8c\xe4\xb8\xad\xe5\x9b\xbd\xe8\xae\xa1\xe7\xae\x97\xe6\x9c\xba\xe5\xad\xa6\xe4\xbc\x9a\xe8\x81\x94\xe5\x90\x88\xe4\xb8\xbb\xe5\x8a\x9e,\xe5\xb7\xb2\xe8\xa2\xabEI Compendex,INSPEC,Abstracts Magazine,Mathematical Review,Zentralblatt MATH\xe7\xad\x89\xe5\x9b\xbd\xe9\x99\x85\xe6\x95\xb0\xe6\x8d\xae\xe5\xba\x93\xe6\x94\xb6\xe5\xbd\x95.'],
 'author': [],
 'downloadFreq': ['23'],
 'institution': [],
 'keyWord': ['\xe3\x80\x8a\xe8\xbd\xaf\xe4\xbb\xb6\xe5\xad\xa6\xe6\x8a\xa5\xe3\x80\x8b',
             'Zentralblatt',
             '\xe4\xb8\xad\xe5\x9b\xbd\xe8\xae\xa1\xe7\xae\x97\xe6\x9c\xba\xe5\xad\xa6\xe4\xbc\x9a',
             '\xe8\xbd\xaf\xe4\xbb\xb6\xe6\x8a\x80\xe6\x9c\xaf\xe5\x8f\x91\xe5\xb1\x95',
             '\xe5\x9b\xbd\xe9\x99\x85\xe6\x95\xb0\xe6\x8d\xae\xe5\xba\x93',
             '\xe5\xad\xa6\xe6\x9c\xaf\xe4\xba\xa4\xe6\xb5\x81',
             '\xe5\xad\xa6\xe6\x9c\xaf\xe6\x9c\x9f\xe5\x88\x8a',
             '\xe8\xae\xa1\xe7\xae\x97\xe6\x9c\xba\xe7\xa7\x91\xe5\xad\xa6',
             '\xe4\xb8\x80\xe6\x9c\xac',
             '\xe8\xae\xa1\xe7\xae\x97\xe6\x9c\xba\xe8\xbd\xaf\xe4\xbb\xb6'],
 'quoteFreq': ['0'],
 'title': ['\xe3\x80\x8a\xe8\xbd\xaf\xe4\xbb\xb6\xe5\xad\xa6\xe6\x8a\xa5\xe3\x80\x8b\xe6\x8a\x95\xe7\xa8\xbf\xe6\x8c\x87\xe5\x8d\x97']}
{'abstract': ['<\xe6\xad\xa3>\xe3\x80\x8a\xe8\xbd\xaf\xe4\xbb\xb6\xe5\xad\xa6\xe6\x8a\xa5\xe3\x80\x8b\xe6\x98\xaf\xe4\xb8\x80\xe6\x9c\xac\xe5\x88\x8a\xe7\x99\xbb\xe8\xae\xa1\xe7\xae\x97\xe6\x9c\xba\xe8\xbd\xaf\xe4\xbb\xb6\xe5\x90\x84\xe9\xa2\x86\xe5\x9f\x9f\xe5\x8e\x9f\xe5\x88\x9b\xe6\x80\xa7\xe7\xa0\x94\xe7\xa9\xb6\xe6\x88\x90\xe6\x9e\x9c\xe7\x9a\x84\xe6\x9c\x9f\xe5\x88\x8a,\xe6\x89\x80\xe5\x88\x8a\xe7\x99\xbb\xe7\x9a\x84\xe8\xae\xba\xe6\x96\x87\xe5\x9d\x87\xe7\xbb\x8f\xe8\xbf\x87\xe4\xb8\xa5\xe6\xa0\xbc\xe7\x9a\x84\xe5\x90\x8c\xe8\xa1\x8c\xe4\xb8\x93\xe5\xae\xb6\xe8\xaf\x84\xe8\xae\xae,\xe3\x80\x8a\xe8\xbd\xaf\xe4\xbb\xb6\xe5\xad\xa6\xe6\x8a\xa5\xe3\x80\x8b\xe4\xb8\xbb\xe8\xa6\x81\xe9\x9d\xa2\xe5\x90\x91\xe5\x85\xa8\xe7\x90\x83\xe5\x8d\x8e\xe4\xba\xba\xe8\xae\xa1\xe7\xae\x97\xe6\x9c\xba\xe8\xbd\xaf\xe4\xbb\xb6\xe5\xad\xa6\xe8\x80\x85,\xe8\x87\xb4\xe5\x8a\x9b\xe4\xba\x8e\xe5\x88\x9b\xe5\x8a\x9e\xe4\xb8\x8e\xe4\xb8\x96\xe7\x95\x8c\xe8\xae\xa1\xe7\xae\x97\xe6\x9c\xba\xe7\xa7\x91\xe5\xad\xa6\xe5\x92\x8c\xe8\xbd\xaf\xe4\xbb\xb6\xe6\x8a\x80\xe6\x9c\xaf\xe5\x8f\x91\xe5\xb1\x95\xe5\x90\x8c\xe6\xad\xa5\xe7\x9a\x84\xe4\xbb\xa5\xe4\xb8\xad\xe6\x96\x87\xe4\xb8\xba\xe4\xb8\xbb\xe7\x9a\x84"\xe4\xb8\xad\xe6\x96\x87\xe5\x9b\xbd\xe9\x99\x85\xe8\xbd\xaf\xe4\xbb\xb6\xe5\xad\xa6\xe6\x9c\xaf\xe6\x9c\x9f\xe5\x88\x8a",\xe4\xb8\xba\xe5\x85\xa8\xe7\x90\x83\xe5\x8d\x8e\xe4\xba\xba\xe5\x90\x8c\xe8\xa1\x8c\xe6\x8f\x90\xe4\xbe\x9b\xe5\xad\xa6\xe6\x9c\xaf\xe4\xba\xa4\xe6\xb5\x81\xe5\xb9\xb3\xe5\x8f\xb0,\xe3\x80\x8a\xe8\xbd\xaf\xe4\xbb\xb6\xe5\xad\xa6\xe6\x8a\xa5\xe3\x80\x8b\xe5\x88\x9b\xe5\x88\x8a\xe4\xba\x8e1990\xe5\xb9\xb4,\xe7\x94\xb1\xe4\xb8\xad\xe5\x9b\xbd\xe7\xa7\x91\xe5\xad\xa6\xe9\x99\xa2\xe8\xbd\xaf\xe4\xbb\xb6\xe7\xa0\x94\xe7\xa9\xb6\xe6\x89\x80\xe5\x92\x8c\xe4\xb8\xad\xe5\x9b\xbd\xe8\xae\xa1\xe7\xae\x97\xe6\x9c\xba\xe5\xad\xa6\xe4\xbc\x9a\xe8\x81\x94\xe5\x90\x88\xe4\xb8\xbb\xe5\x8a\x9e,\xe5\xb7\xb2\xe8\xa2\xabEI Compendex,INSPEC,Abstracts Magazine,Mathematical Review,Zentralblatt MATH\xe7\xad\x89\xe5\x9b\xbd\xe9\x99\x85\xe6\x95\xb0\xe6\x8d\xae\xe5\xba\x93\xe6\x94\xb6\xe5\xbd\x95.'],
 'author': [],
 'downloadFreq': ['23'],
 'institution': [],
 'keyWord': ['\xe3\x80\x8a\xe8\xbd\xaf\xe4\xbb\xb6\xe5\xad\xa6\xe6\x8a\xa5\xe3\x80\x8b',
             'Zentralblatt',
             '\xe4\xb8\xad\xe5\x9b\xbd\xe8\xae\xa1\xe7\xae\x97\xe6\x9c\xba\xe5\xad\xa6\xe4\xbc\x9a',
             '\xe8\xbd\xaf\xe4\xbb\xb6\xe6\x8a\x80\xe6\x9c\xaf\xe5\x8f\x91\xe5\xb1\x95',
             '\xe5\x9b\xbd\xe9\x99\x85\xe6\x95\xb0\xe6\x8d\xae\xe5\xba\x93',
             '\xe5\xad\xa6\xe6\x9c\xaf\xe4\xba\xa4\xe6\xb5\x81',
             '\xe5\xad\xa6\xe6\x9c\xaf\xe6\x9c\x9f\xe5\x88\x8a',
             '\xe8\xae\xa1\xe7\xae\x97\xe6\x9c\xba\xe7\xa7\x91\xe5\xad\xa6',
             '\xe4\xb8\x80\xe6\x9c\xac',
             '\xe8\xae\xa1\xe7\xae\x97\xe6\x9c\xba\xe8\xbd\xaf\xe4\xbb\xb6'],
 'quoteFreq': ['0'],
 'title': ['\xe3\x80\x8a\xe8\xbd\xaf\xe4\xbb\xb6\xe5\xad\xa6\xe6\x8a\xa5\xe3\x80\x8b\xe6\x8a\x95\xe7\xa8\xbf\xe6\x8c\x87\xe5\x8d\x97']}
2016-03-17 21:14:05 [scrapy] WARNING: Dropped: Missing author in {'abstract': ['<\xe6\xad\xa3>\xe3\x80\x8a\xe8\xbd\xaf\xe4\xbb\xb6\xe5\xad\xa6\xe6\x8a\xa5\xe3\x80\x8b\xe6\x98\xaf\xe4\xb8\x80\xe6\x9c\xac\xe5\x88\x8a\xe7\x99\xbb\xe8\xae\xa1\xe7\xae\x97\xe6\x9c\xba\xe8\xbd\xaf\xe4\xbb\xb6\xe5\x90\x84\xe9\xa2\x86\xe5\x9f\x9f\xe5\x8e\x9f\xe5\x88\x9b\xe6\x80\xa7\xe7\xa0\x94\xe7\xa9\xb6\xe6\x88\x90\xe6\x9e\x9c\xe7\x9a\x84\xe6\x9c\x9f\xe5\x88\x8a,\xe6\x89\x80\xe5\x88\x8a\xe7\x99\xbb\xe7\x9a\x84\xe8\xae\xba\xe6\x96\x87\xe5\x9d\x87\xe7\xbb\x8f\xe8\xbf\x87\xe4\xb8\xa5\xe6\xa0\xbc\xe7\x9a\x84\xe5\x90\x8c\xe8\xa1\x8c\xe4\xb8\x93\xe5\xae\xb6\xe8\xaf\x84\xe8\xae\xae.\xe3\x80\x8a\xe8\xbd\xaf\xe4\xbb\xb6\xe5\xad\xa6\xe6\x8a\xa5\xe3\x80\x8b\xe4\xb8\xbb\xe8\xa6\x81\xe9\x9d\xa2\xe5\x90\x91\xe5\x85\xa8\xe7\x90\x83\xe5\x8d\x8e\xe4\xba\xba\xe8\xae\xa1\xe7\xae\x97\xe6\x9c\xba\xe8\xbd\xaf\xe4\xbb\xb6\xe5\xad\xa6\xe8\x80\x85,\xe8\x87\xb4\xe5\x8a\x9b\xe4\xba\x8e\xe5\x88\x9b\xe5\x8a\x9e\xe4\xb8\x8e\xe4\xb8\x96\xe7\x95\x8c\xe8\xae\xa1\xe7\xae\x97\xe6\x9c\xba\xe7\xa7\x91\xe5\xad\xa6\xe5\x92\x8c\xe8\xbd\xaf\xe4\xbb\xb6\xe6\x8a\x80\xe6\x9c\xaf\xe5\x8f\x91\xe5\xb1\x95\xe5\x90\x8c\xe6\xad\xa5\xe7\x9a\x84\xe4\xbb\xa5\xe4\xb8\xad\xe6\x96\x87\xe4\xb8\xba\xe4\xb8\xbb\xe7\x9a\x84"\xe4\xb8\xad\xe6\x96\x87\xe5\x9b\xbd\xe9\x99\x85\xe8\xbd\xaf\xe4\xbb\xb6\xe5\xad\xa6\xe6\x9c\xaf\xe6\x9c\x9f\xe5\x88\x8a",\xe4\xb8\xba\xe5\x85\xa8\xe7\x90\x83\xe5\x8d\x8e\xe4\xba\xba\xe5\x90\x8c\xe8\xa1\x8c\xe6\x8f\x90\xe4\xbe\x9b\xe5\xad\xa6\xe6\x9c\xaf\xe4\xba\xa4\xe6\xb5\x81\xe5\xb9\xb3\xe5\x8f\xb0.\xe3\x80\x8a\xe8\xbd\xaf\xe4\xbb\xb6\xe5\xad\xa6\xe6\x8a\xa5\xe3\x80\x8b\xe5\x88\x9b\xe5\x88\x8a\xe4\xba\x8e1990\xe5\xb9\xb4,\xe7\x94\xb1\xe4\xb8\xad\xe5\x9b\xbd\xe7\xa7\x91\xe5\xad\xa6\xe9\x99\xa2\xe8\xbd\xaf\xe4\xbb\xb6\xe7\xa0\x94\xe7\xa9\xb6\xe6\x89\x80\xe5\x92\x8c\xe4\xb8\xad\xe5\x9b\xbd\xe8\xae\xa1\xe7\xae\x97\xe6\x9c\xba\xe5\xad\xa6\xe4\xbc\x9a\xe8\x81\x94\xe5\x90\x88\xe4\xb8\xbb\xe5\x8a\x9e,\xe5\xb7\xb2\xe8\xa2\xabEI Compendex,INSPEC,Abstracts Magazine,Mathematical Review,Zentralblatt MATH\xe7\xad\x89\xe5\x9b\xbd\xe9\x99\x85\xe6\x95\xb0\xe6\x8d\xae\xe5\xba\x93\xe6\x94\xb6\xe5\xbd\x95.'],
 'author': [],
 'downloadFreq': ['71'],
 'institution': [],
 'keyWord': ['\xe3\x80\x8a\xe8\xbd\xaf\xe4\xbb\xb6\xe5\xad\xa6\xe6\x8a\xa5\xe3\x80\x8b',
             'Zentralblatt',
             '\xe4\xb8\xad\xe5\x9b\xbd\xe8\xae\xa1\xe7\xae\x97\xe6\x9c\xba\xe5\xad\xa6\xe4\xbc\x9a',
             '\xe8\xbd\xaf\xe4\xbb\xb6\xe6\x8a\x80\xe6\x9c\xaf\xe5\x8f\x91\xe5\xb1\x95',
             '\xe5\x9b\xbd\xe9\x99\x85\xe6\x95\xb0\xe6\x8d\xae\xe5\xba\x93',
             '\xe5\xad\xa6\xe6\x9c\xaf\xe4\xba\xa4\xe6\xb5\x81',
             '\xe5\xad\xa6\xe6\x9c\xaf\xe6\x9c\x9f\xe5\x88\x8a',
             '\xe8\xae\xa1\xe7\xae\x97\xe6\x9c\xba\xe7\xa7\x91\xe5\xad\xa6',
             '\xe4\xb8\x80\xe6\x9c\xac',
             '\xe5\x9c\xa8\xe7\xba\xbf\xe5\x87\xba\xe7\x89\x88'],
 'quoteFreq': ['0'],
 'title': ['\xe3\x80\x8a\xe8\xbd\xaf\xe4\xbb\xb6\xe5\xad\xa6\xe6\x8a\xa5\xe3\x80\x8b\xe6\x8a\x95\xe7\xa8\xbf\xe6\x8c\x87\xe5\x8d\x97']}
{'abstract': ['<\xe6\xad\xa3>\xe3\x80\x8a\xe8\xbd\xaf\xe4\xbb\xb6\xe5\xad\xa6\xe6\x8a\xa5\xe3\x80\x8b\xe6\x98\xaf\xe4\xb8\x80\xe6\x9c\xac\xe5\x88\x8a\xe7\x99\xbb\xe8\xae\xa1\xe7\xae\x97\xe6\x9c\xba\xe8\xbd\xaf\xe4\xbb\xb6\xe5\x90\x84\xe9\xa2\x86\xe5\x9f\x9f\xe5\x8e\x9f\xe5\x88\x9b\xe6\x80\xa7\xe7\xa0\x94\xe7\xa9\xb6\xe6\x88\x90\xe6\x9e\x9c\xe7\x9a\x84\xe6\x9c\x9f\xe5\x88\x8a,\xe6\x89\x80\xe5\x88\x8a\xe7\x99\xbb\xe7\x9a\x84\xe8\xae\xba\xe6\x96\x87\xe5\x9d\x87\xe7\xbb\x8f\xe8\xbf\x87\xe4\xb8\xa5\xe6\xa0\xbc\xe7\x9a\x84\xe5\x90\x8c\xe8\xa1\x8c\xe4\xb8\x93\xe5\xae\xb6\xe8\xaf\x84\xe8\xae\xae.\xe3\x80\x8a\xe8\xbd\xaf\xe4\xbb\xb6\xe5\xad\xa6\xe6\x8a\xa5\xe3\x80\x8b\xe4\xb8\xbb\xe8\xa6\x81\xe9\x9d\xa2\xe5\x90\x91\xe5\x85\xa8\xe7\x90\x83\xe5\x8d\x8e\xe4\xba\xba\xe8\xae\xa1\xe7\xae\x97\xe6\x9c\xba\xe8\xbd\xaf\xe4\xbb\xb6\xe5\xad\xa6\xe8\x80\x85,\xe8\x87\xb4\xe5\x8a\x9b\xe4\xba\x8e\xe5\x88\x9b\xe5\x8a\x9e\xe4\xb8\x8e\xe4\xb8\x96\xe7\x95\x8c\xe8\xae\xa1\xe7\xae\x97\xe6\x9c\xba\xe7\xa7\x91\xe5\xad\xa6\xe5\x92\x8c\xe8\xbd\xaf\xe4\xbb\xb6\xe6\x8a\x80\xe6\x9c\xaf\xe5\x8f\x91\xe5\xb1\x95\xe5\x90\x8c\xe6\xad\xa5\xe7\x9a\x84\xe4\xbb\xa5\xe4\xb8\xad\xe6\x96\x87\xe4\xb8\xba\xe4\xb8\xbb\xe7\x9a\x84"\xe4\xb8\xad\xe6\x96\x87\xe5\x9b\xbd\xe9\x99\x85\xe8\xbd\xaf\xe4\xbb\xb6\xe5\xad\xa6\xe6\x9c\xaf\xe6\x9c\x9f\xe5\x88\x8a",\xe4\xb8\xba\xe5\x85\xa8\xe7\x90\x83\xe5\x8d\x8e\xe4\xba\xba\xe5\x90\x8c\xe8\xa1\x8c\xe6\x8f\x90\xe4\xbe\x9b\xe5\xad\xa6\xe6\x9c\xaf\xe4\xba\xa4\xe6\xb5\x81\xe5\xb9\xb3\xe5\x8f\xb0.\xe3\x80\x8a\xe8\xbd\xaf\xe4\xbb\xb6\xe5\xad\xa6\xe6\x8a\xa5\xe3\x80\x8b\xe5\x88\x9b\xe5\x88\x8a\xe4\xba\x8e1990\xe5\xb9\xb4,\xe7\x94\xb1\xe4\xb8\xad\xe5\x9b\xbd\xe7\xa7\x91\xe5\xad\xa6\xe9\x99\xa2\xe8\xbd\xaf\xe4\xbb\xb6\xe7\xa0\x94\xe7\xa9\xb6\xe6\x89\x80\xe5\x92\x8c\xe4\xb8\xad\xe5\x9b\xbd\xe8\xae\xa1\xe7\xae\x97\xe6\x9c\xba\xe5\xad\xa6\xe4\xbc\x9a\xe8\x81\x94\xe5\x90\x88\xe4\xb8\xbb\xe5\x8a\x9e,\xe5\xb7\xb2\xe8\xa2\xabEI Compendex,INSPEC,Abstracts Magazine,Mathematical Review,Zentralblatt MATH\xe7\xad\x89\xe5\x9b\xbd\xe9\x99\x85\xe6\x95\xb0\xe6\x8d\xae\xe5\xba\x93\xe6\x94\xb6\xe5\xbd\x95.'],
 'author': [],
 'downloadFreq': ['71'],
 'institution': [],
 'keyWord': ['\xe3\x80\x8a\xe8\xbd\xaf\xe4\xbb\xb6\xe5\xad\xa6\xe6\x8a\xa5\xe3\x80\x8b',
             'Zentralblatt',
             '\xe4\xb8\xad\xe5\x9b\xbd\xe8\xae\xa1\xe7\xae\x97\xe6\x9c\xba\xe5\xad\xa6\xe4\xbc\x9a',
             '\xe8\xbd\xaf\xe4\xbb\xb6\xe6\x8a\x80\xe6\x9c\xaf\xe5\x8f\x91\xe5\xb1\x95',
             '\xe5\x9b\xbd\xe9\x99\x85\xe6\x95\xb0\xe6\x8d\xae\xe5\xba\x93',
             '\xe5\xad\xa6\xe6\x9c\xaf\xe4\xba\xa4\xe6\xb5\x81',
             '\xe5\xad\xa6\xe6\x9c\xaf\xe6\x9c\x9f\xe5\x88\x8a',
             '\xe8\xae\xa1\xe7\xae\x97\xe6\x9c\xba\xe7\xa7\x91\xe5\xad\xa6',
             '\xe4\xb8\x80\xe6\x9c\xac',
             '\xe5\x9c\xa8\xe7\xba\xbf\xe5\x87\xba\xe7\x89\x88'],
 'quoteFreq': ['0'],
 'title': ['\xe3\x80\x8a\xe8\xbd\xaf\xe4\xbb\xb6\xe5\xad\xa6\xe6\x8a\xa5\xe3\x80\x8b\xe6\x8a\x95\xe7\xa8\xbf\xe6\x8c\x87\xe5\x8d\x97']}
2016-03-24 14:19:51 [py.warnings] WARNING: :0: UserWarning: You do not have a working installation of the service_identity module: 'No module named service_identity'.  Please install it from <https://pypi.python.org/pypi/service_identity> and make sure all of its dependencies are satisfied.  Without the service_identity module and a recent enough pyOpenSSL to support it, Twisted can perform only rudimentary TLS client hostname verification.  Many valid certificate/hostname mappings may be rejected.

2016-03-24 14:19:53 [boto] ERROR: Caught exception reading instance data
Traceback (most recent call last):
  File "C:\Anaconda2\lib\site-packages\boto\utils.py", line 210, in retry_url
    r = opener.open(req, timeout=timeout)
  File "C:\Anaconda2\lib\urllib2.py", line 431, in open
    response = self._open(req, data)
  File "C:\Anaconda2\lib\urllib2.py", line 449, in _open
    '_open', req)
  File "C:\Anaconda2\lib\urllib2.py", line 409, in _call_chain
    result = func(*args)
  File "C:\Anaconda2\lib\urllib2.py", line 1227, in http_open
    return self.do_open(httplib.HTTPConnection, req)
  File "C:\Anaconda2\lib\urllib2.py", line 1197, in do_open
    raise URLError(err)
URLError: <urlopen error timed out>
2016-03-24 14:19:53 [boto] ERROR: Unable to read instance data, giving up
2016-03-24 14:19:53 [py.warnings] WARNING: F:\Pythonworkspace\cnki_scrapy\cnkiSpider_master\cnkiSpider\spiders\cnki_spiders.py:63: ScrapyDeprecationWarning: log.msg has been deprecated, create a python logger and log through it instead
  log.msg("Appending item...", level=log.INFO)

2016-03-24 14:19:53 [py.warnings] WARNING: F:\Pythonworkspace\cnki_scrapy\cnkiSpider_master\cnkiSpider\spiders\cnki_spiders.py:65: ScrapyDeprecationWarning: log.msg has been deprecated, create a python logger and log through it instead
  log.msg("Append done.", level=log.INFO)

2016-03-24 17:23:40 [py.warnings] WARNING: :0: UserWarning: You do not have a working installation of the service_identity module: 'No module named service_identity'.  Please install it from <https://pypi.python.org/pypi/service_identity> and make sure all of its dependencies are satisfied.  Without the service_identity module and a recent enough pyOpenSSL to support it, Twisted can perform only rudimentary TLS client hostname verification.  Many valid certificate/hostname mappings may be rejected.

2016-03-24 17:23:41 [boto] ERROR: Caught exception reading instance data
Traceback (most recent call last):
  File "C:\Anaconda2\lib\site-packages\boto\utils.py", line 210, in retry_url
    r = opener.open(req, timeout=timeout)
  File "C:\Anaconda2\lib\urllib2.py", line 431, in open
    response = self._open(req, data)
  File "C:\Anaconda2\lib\urllib2.py", line 449, in _open
    '_open', req)
  File "C:\Anaconda2\lib\urllib2.py", line 409, in _call_chain
    result = func(*args)
  File "C:\Anaconda2\lib\urllib2.py", line 1227, in http_open
    return self.do_open(httplib.HTTPConnection, req)
  File "C:\Anaconda2\lib\urllib2.py", line 1197, in do_open
    raise URLError(err)
URLError: <urlopen error timed out>
2016-03-24 17:23:41 [boto] ERROR: Unable to read instance data, giving up
2016-03-24 17:23:42 [py.warnings] WARNING: F:\Pythonworkspace\cnki_scrapy\cnkiSpider_master\cnkiSpider\spiders\cnki_spiders.py:63: ScrapyDeprecationWarning: log.msg has been deprecated, create a python logger and log through it instead
  log.msg("Appending item...", level=log.INFO)

2016-03-24 17:23:42 [py.warnings] WARNING: F:\Pythonworkspace\cnki_scrapy\cnkiSpider_master\cnkiSpider\spiders\cnki_spiders.py:65: ScrapyDeprecationWarning: log.msg has been deprecated, create a python logger and log through it instead
  log.msg("Append done.", level=log.INFO)

2016-03-24 17:23:59 [scrapy] WARNING: Dropped: Missing author in {'abstract': ['<\xe6\xad\xa3>\xe3\x80\x8a\xe8\xbd\xaf\xe4\xbb\xb6\xe5\xad\xa6\xe6\x8a\xa5\xe3\x80\x8b\xe6\x98\xaf\xe4\xb8\x80\xe6\x9c\xac\xe5\x88\x8a\xe7\x99\xbb\xe8\xae\xa1\xe7\xae\x97\xe6\x9c\xba\xe8\xbd\xaf\xe4\xbb\xb6\xe5\x90\x84\xe9\xa2\x86\xe5\x9f\x9f\xe5\x8e\x9f\xe5\x88\x9b\xe6\x80\xa7\xe7\xa0\x94\xe7\xa9\xb6\xe6\x88\x90\xe6\x9e\x9c\xe7\x9a\x84\xe6\x9c\x9f\xe5\x88\x8a,\xe6\x89\x80\xe5\x88\x8a\xe7\x99\xbb\xe7\x9a\x84\xe8\xae\xba\xe6\x96\x87\xe5\x9d\x87\xe7\xbb\x8f\xe8\xbf\x87\xe4\xb8\xa5\xe6\xa0\xbc\xe7\x9a\x84\xe5\x90\x8c\xe8\xa1\x8c\xe4\xb8\x93\xe5\xae\xb6\xe8\xaf\x84\xe8\xae\xae,\xe3\x80\x8a\xe8\xbd\xaf\xe4\xbb\xb6\xe5\xad\xa6\xe6\x8a\xa5\xe3\x80\x8b\xe4\xb8\xbb\xe8\xa6\x81\xe9\x9d\xa2\xe5\x90\x91\xe5\x85\xa8\xe7\x90\x83\xe5\x8d\x8e\xe4\xba\xba\xe8\xae\xa1\xe7\xae\x97\xe6\x9c\xba\xe8\xbd\xaf\xe4\xbb\xb6\xe5\xad\xa6\xe8\x80\x85,\xe8\x87\xb4\xe5\x8a\x9b\xe4\xba\x8e\xe5\x88\x9b\xe5\x8a\x9e\xe4\xb8\x8e\xe4\xb8\x96\xe7\x95\x8c\xe8\xae\xa1\xe7\xae\x97\xe6\x9c\xba\xe7\xa7\x91\xe5\xad\xa6\xe5\x92\x8c\xe8\xbd\xaf\xe4\xbb\xb6\xe6\x8a\x80\xe6\x9c\xaf\xe5\x8f\x91\xe5\xb1\x95\xe5\x90\x8c\xe6\xad\xa5\xe7\x9a\x84\xe4\xbb\xa5\xe4\xb8\xad\xe6\x96\x87\xe4\xb8\xba\xe4\xb8\xbb\xe7\x9a\x84"\xe4\xb8\xad\xe6\x96\x87\xe5\x9b\xbd\xe9\x99\x85\xe8\xbd\xaf\xe4\xbb\xb6\xe5\xad\xa6\xe6\x9c\xaf\xe6\x9c\x9f\xe5\x88\x8a",\xe4\xb8\xba\xe5\x85\xa8\xe7\x90\x83\xe5\x8d\x8e\xe4\xba\xba\xe5\x90\x8c\xe8\xa1\x8c\xe6\x8f\x90\xe4\xbe\x9b\xe5\xad\xa6\xe6\x9c\xaf\xe4\xba\xa4\xe6\xb5\x81\xe5\xb9\xb3\xe5\x8f\xb0,\xe3\x80\x8a\xe8\xbd\xaf\xe4\xbb\xb6\xe5\xad\xa6\xe6\x8a\xa5\xe3\x80\x8b\xe5\x88\x9b\xe5\x88\x8a\xe4\xba\x8e1990\xe5\xb9\xb4,\xe7\x94\xb1\xe4\xb8\xad\xe5\x9b\xbd\xe7\xa7\x91\xe5\xad\xa6\xe9\x99\xa2\xe8\xbd\xaf\xe4\xbb\xb6\xe7\xa0\x94\xe7\xa9\xb6\xe6\x89\x80\xe5\x92\x8c\xe4\xb8\xad\xe5\x9b\xbd\xe8\xae\xa1\xe7\xae\x97\xe6\x9c\xba\xe5\xad\xa6\xe4\xbc\x9a\xe8\x81\x94\xe5\x90\x88\xe4\xb8\xbb\xe5\x8a\x9e,\xe5\xb7\xb2\xe8\xa2\xabEI Compendex,INSPEC,Abstracts Magazine,Mathematical Review,Zentralblatt MATH\xe7\xad\x89\xe5\x9b\xbd\xe9\x99\x85\xe6\x95\xb0\xe6\x8d\xae\xe5\xba\x93\xe6\x94\xb6\xe5\xbd\x95.'],
 'author': [],
 'downloadFreq': ['23'],
 'institution': [],
 'keyWord': ['\xe3\x80\x8a\xe8\xbd\xaf\xe4\xbb\xb6\xe5\xad\xa6\xe6\x8a\xa5\xe3\x80\x8b',
             'Zentralblatt',
             '\xe4\xb8\xad\xe5\x9b\xbd\xe8\xae\xa1\xe7\xae\x97\xe6\x9c\xba\xe5\xad\xa6\xe4\xbc\x9a',
             '\xe8\xbd\xaf\xe4\xbb\xb6\xe6\x8a\x80\xe6\x9c\xaf\xe5\x8f\x91\xe5\xb1\x95',
             '\xe5\x9b\xbd\xe9\x99\x85\xe6\x95\xb0\xe6\x8d\xae\xe5\xba\x93',
             '\xe5\xad\xa6\xe6\x9c\xaf\xe4\xba\xa4\xe6\xb5\x81',
             '\xe5\xad\xa6\xe6\x9c\xaf\xe6\x9c\x9f\xe5\x88\x8a',
             '\xe8\xae\xa1\xe7\xae\x97\xe6\x9c\xba\xe7\xa7\x91\xe5\xad\xa6',
             '\xe4\xb8\x80\xe6\x9c\xac',
             '\xe8\xae\xa1\xe7\xae\x97\xe6\x9c\xba\xe8\xbd\xaf\xe4\xbb\xb6'],
 'quoteFreq': ['0'],
 'title': ['\xe3\x80\x8a\xe8\xbd\xaf\xe4\xbb\xb6\xe5\xad\xa6\xe6\x8a\xa5\xe3\x80\x8b\xe6\x8a\x95\xe7\xa8\xbf\xe6\x8c\x87\xe5\x8d\x97']}
{'abstract': ['<\xe6\xad\xa3>\xe3\x80\x8a\xe8\xbd\xaf\xe4\xbb\xb6\xe5\xad\xa6\xe6\x8a\xa5\xe3\x80\x8b\xe6\x98\xaf\xe4\xb8\x80\xe6\x9c\xac\xe5\x88\x8a\xe7\x99\xbb\xe8\xae\xa1\xe7\xae\x97\xe6\x9c\xba\xe8\xbd\xaf\xe4\xbb\xb6\xe5\x90\x84\xe9\xa2\x86\xe5\x9f\x9f\xe5\x8e\x9f\xe5\x88\x9b\xe6\x80\xa7\xe7\xa0\x94\xe7\xa9\xb6\xe6\x88\x90\xe6\x9e\x9c\xe7\x9a\x84\xe6\x9c\x9f\xe5\x88\x8a,\xe6\x89\x80\xe5\x88\x8a\xe7\x99\xbb\xe7\x9a\x84\xe8\xae\xba\xe6\x96\x87\xe5\x9d\x87\xe7\xbb\x8f\xe8\xbf\x87\xe4\xb8\xa5\xe6\xa0\xbc\xe7\x9a\x84\xe5\x90\x8c\xe8\xa1\x8c\xe4\xb8\x93\xe5\xae\xb6\xe8\xaf\x84\xe8\xae\xae,\xe3\x80\x8a\xe8\xbd\xaf\xe4\xbb\xb6\xe5\xad\xa6\xe6\x8a\xa5\xe3\x80\x8b\xe4\xb8\xbb\xe8\xa6\x81\xe9\x9d\xa2\xe5\x90\x91\xe5\x85\xa8\xe7\x90\x83\xe5\x8d\x8e\xe4\xba\xba\xe8\xae\xa1\xe7\xae\x97\xe6\x9c\xba\xe8\xbd\xaf\xe4\xbb\xb6\xe5\xad\xa6\xe8\x80\x85,\xe8\x87\xb4\xe5\x8a\x9b\xe4\xba\x8e\xe5\x88\x9b\xe5\x8a\x9e\xe4\xb8\x8e\xe4\xb8\x96\xe7\x95\x8c\xe8\xae\xa1\xe7\xae\x97\xe6\x9c\xba\xe7\xa7\x91\xe5\xad\xa6\xe5\x92\x8c\xe8\xbd\xaf\xe4\xbb\xb6\xe6\x8a\x80\xe6\x9c\xaf\xe5\x8f\x91\xe5\xb1\x95\xe5\x90\x8c\xe6\xad\xa5\xe7\x9a\x84\xe4\xbb\xa5\xe4\xb8\xad\xe6\x96\x87\xe4\xb8\xba\xe4\xb8\xbb\xe7\x9a\x84"\xe4\xb8\xad\xe6\x96\x87\xe5\x9b\xbd\xe9\x99\x85\xe8\xbd\xaf\xe4\xbb\xb6\xe5\xad\xa6\xe6\x9c\xaf\xe6\x9c\x9f\xe5\x88\x8a",\xe4\xb8\xba\xe5\x85\xa8\xe7\x90\x83\xe5\x8d\x8e\xe4\xba\xba\xe5\x90\x8c\xe8\xa1\x8c\xe6\x8f\x90\xe4\xbe\x9b\xe5\xad\xa6\xe6\x9c\xaf\xe4\xba\xa4\xe6\xb5\x81\xe5\xb9\xb3\xe5\x8f\xb0,\xe3\x80\x8a\xe8\xbd\xaf\xe4\xbb\xb6\xe5\xad\xa6\xe6\x8a\xa5\xe3\x80\x8b\xe5\x88\x9b\xe5\x88\x8a\xe4\xba\x8e1990\xe5\xb9\xb4,\xe7\x94\xb1\xe4\xb8\xad\xe5\x9b\xbd\xe7\xa7\x91\xe5\xad\xa6\xe9\x99\xa2\xe8\xbd\xaf\xe4\xbb\xb6\xe7\xa0\x94\xe7\xa9\xb6\xe6\x89\x80\xe5\x92\x8c\xe4\xb8\xad\xe5\x9b\xbd\xe8\xae\xa1\xe7\xae\x97\xe6\x9c\xba\xe5\xad\xa6\xe4\xbc\x9a\xe8\x81\x94\xe5\x90\x88\xe4\xb8\xbb\xe5\x8a\x9e,\xe5\xb7\xb2\xe8\xa2\xabEI Compendex,INSPEC,Abstracts Magazine,Mathematical Review,Zentralblatt MATH\xe7\xad\x89\xe5\x9b\xbd\xe9\x99\x85\xe6\x95\xb0\xe6\x8d\xae\xe5\xba\x93\xe6\x94\xb6\xe5\xbd\x95.'],
 'author': [],
 'downloadFreq': ['23'],
 'institution': [],
 'keyWord': ['\xe3\x80\x8a\xe8\xbd\xaf\xe4\xbb\xb6\xe5\xad\xa6\xe6\x8a\xa5\xe3\x80\x8b',
             'Zentralblatt',
             '\xe4\xb8\xad\xe5\x9b\xbd\xe8\xae\xa1\xe7\xae\x97\xe6\x9c\xba\xe5\xad\xa6\xe4\xbc\x9a',
             '\xe8\xbd\xaf\xe4\xbb\xb6\xe6\x8a\x80\xe6\x9c\xaf\xe5\x8f\x91\xe5\xb1\x95',
             '\xe5\x9b\xbd\xe9\x99\x85\xe6\x95\xb0\xe6\x8d\xae\xe5\xba\x93',
             '\xe5\xad\xa6\xe6\x9c\xaf\xe4\xba\xa4\xe6\xb5\x81',
             '\xe5\xad\xa6\xe6\x9c\xaf\xe6\x9c\x9f\xe5\x88\x8a',
             '\xe8\xae\xa1\xe7\xae\x97\xe6\x9c\xba\xe7\xa7\x91\xe5\xad\xa6',
             '\xe4\xb8\x80\xe6\x9c\xac',
             '\xe8\xae\xa1\xe7\xae\x97\xe6\x9c\xba\xe8\xbd\xaf\xe4\xbb\xb6'],
 'quoteFreq': ['0'],
 'title': ['\xe3\x80\x8a\xe8\xbd\xaf\xe4\xbb\xb6\xe5\xad\xa6\xe6\x8a\xa5\xe3\x80\x8b\xe6\x8a\x95\xe7\xa8\xbf\xe6\x8c\x87\xe5\x8d\x97']}
2016-03-24 17:24:01 [scrapy] WARNING: Dropped: Missing author in {'abstract': ['<\xe6\xad\xa3>\xe3\x80\x8a\xe8\xbd\xaf\xe4\xbb\xb6\xe5\xad\xa6\xe6\x8a\xa5\xe3\x80\x8b\xe6\x98\xaf\xe4\xb8\x80\xe6\x9c\xac\xe5\x88\x8a\xe7\x99\xbb\xe8\xae\xa1\xe7\xae\x97\xe6\x9c\xba\xe8\xbd\xaf\xe4\xbb\xb6\xe5\x90\x84\xe9\xa2\x86\xe5\x9f\x9f\xe5\x8e\x9f\xe5\x88\x9b\xe6\x80\xa7\xe7\xa0\x94\xe7\xa9\xb6\xe6\x88\x90\xe6\x9e\x9c\xe7\x9a\x84\xe6\x9c\x9f\xe5\x88\x8a,\xe6\x89\x80\xe5\x88\x8a\xe7\x99\xbb\xe7\x9a\x84\xe8\xae\xba\xe6\x96\x87\xe5\x9d\x87\xe7\xbb\x8f\xe8\xbf\x87\xe4\xb8\xa5\xe6\xa0\xbc\xe7\x9a\x84\xe5\x90\x8c\xe8\xa1\x8c\xe4\xb8\x93\xe5\xae\xb6\xe8\xaf\x84\xe8\xae\xae.\xe3\x80\x8a\xe8\xbd\xaf\xe4\xbb\xb6\xe5\xad\xa6\xe6\x8a\xa5\xe3\x80\x8b\xe4\xb8\xbb\xe8\xa6\x81\xe9\x9d\xa2\xe5\x90\x91\xe5\x85\xa8\xe7\x90\x83\xe5\x8d\x8e\xe4\xba\xba\xe8\xae\xa1\xe7\xae\x97\xe6\x9c\xba\xe8\xbd\xaf\xe4\xbb\xb6\xe5\xad\xa6\xe8\x80\x85,\xe8\x87\xb4\xe5\x8a\x9b\xe4\xba\x8e\xe5\x88\x9b\xe5\x8a\x9e\xe4\xb8\x8e\xe4\xb8\x96\xe7\x95\x8c\xe8\xae\xa1\xe7\xae\x97\xe6\x9c\xba\xe7\xa7\x91\xe5\xad\xa6\xe5\x92\x8c\xe8\xbd\xaf\xe4\xbb\xb6\xe6\x8a\x80\xe6\x9c\xaf\xe5\x8f\x91\xe5\xb1\x95\xe5\x90\x8c\xe6\xad\xa5\xe7\x9a\x84\xe4\xbb\xa5\xe4\xb8\xad\xe6\x96\x87\xe4\xb8\xba\xe4\xb8\xbb\xe7\x9a\x84"\xe4\xb8\xad\xe6\x96\x87\xe5\x9b\xbd\xe9\x99\x85\xe8\xbd\xaf\xe4\xbb\xb6\xe5\xad\xa6\xe6\x9c\xaf\xe6\x9c\x9f\xe5\x88\x8a",\xe4\xb8\xba\xe5\x85\xa8\xe7\x90\x83\xe5\x8d\x8e\xe4\xba\xba\xe5\x90\x8c\xe8\xa1\x8c\xe6\x8f\x90\xe4\xbe\x9b\xe5\xad\xa6\xe6\x9c\xaf\xe4\xba\xa4\xe6\xb5\x81\xe5\xb9\xb3\xe5\x8f\xb0.\xe3\x80\x8a\xe8\xbd\xaf\xe4\xbb\xb6\xe5\xad\xa6\xe6\x8a\xa5\xe3\x80\x8b\xe5\x88\x9b\xe5\x88\x8a\xe4\xba\x8e1990\xe5\xb9\xb4,\xe7\x94\xb1\xe4\xb8\xad\xe5\x9b\xbd\xe7\xa7\x91\xe5\xad\xa6\xe9\x99\xa2\xe8\xbd\xaf\xe4\xbb\xb6\xe7\xa0\x94\xe7\xa9\xb6\xe6\x89\x80\xe5\x92\x8c\xe4\xb8\xad\xe5\x9b\xbd\xe8\xae\xa1\xe7\xae\x97\xe6\x9c\xba\xe5\xad\xa6\xe4\xbc\x9a\xe8\x81\x94\xe5\x90\x88\xe4\xb8\xbb\xe5\x8a\x9e,\xe5\xb7\xb2\xe8\xa2\xabEI Compendex,INSPEC,Abstracts Magazine,Mathematical Review,Zentralblatt MATH\xe7\xad\x89\xe5\x9b\xbd\xe9\x99\x85\xe6\x95\xb0\xe6\x8d\xae\xe5\xba\x93\xe6\x94\xb6\xe5\xbd\x95.'],
 'author': [],
 'downloadFreq': ['71'],
 'institution': [],
 'keyWord': ['\xe3\x80\x8a\xe8\xbd\xaf\xe4\xbb\xb6\xe5\xad\xa6\xe6\x8a\xa5\xe3\x80\x8b',
             'Zentralblatt',
             '\xe4\xb8\xad\xe5\x9b\xbd\xe8\xae\xa1\xe7\xae\x97\xe6\x9c\xba\xe5\xad\xa6\xe4\xbc\x9a',
             '\xe8\xbd\xaf\xe4\xbb\xb6\xe6\x8a\x80\xe6\x9c\xaf\xe5\x8f\x91\xe5\xb1\x95',
             '\xe5\x9b\xbd\xe9\x99\x85\xe6\x95\xb0\xe6\x8d\xae\xe5\xba\x93',
             '\xe5\xad\xa6\xe6\x9c\xaf\xe4\xba\xa4\xe6\xb5\x81',
             '\xe5\xad\xa6\xe6\x9c\xaf\xe6\x9c\x9f\xe5\x88\x8a',
             '\xe8\xae\xa1\xe7\xae\x97\xe6\x9c\xba\xe7\xa7\x91\xe5\xad\xa6',
             '\xe4\xb8\x80\xe6\x9c\xac',
             '\xe5\x9c\xa8\xe7\xba\xbf\xe5\x87\xba\xe7\x89\x88'],
 'quoteFreq': ['0'],
 'title': ['\xe3\x80\x8a\xe8\xbd\xaf\xe4\xbb\xb6\xe5\xad\xa6\xe6\x8a\xa5\xe3\x80\x8b\xe6\x8a\x95\xe7\xa8\xbf\xe6\x8c\x87\xe5\x8d\x97']}
{'abstract': ['<\xe6\xad\xa3>\xe3\x80\x8a\xe8\xbd\xaf\xe4\xbb\xb6\xe5\xad\xa6\xe6\x8a\xa5\xe3\x80\x8b\xe6\x98\xaf\xe4\xb8\x80\xe6\x9c\xac\xe5\x88\x8a\xe7\x99\xbb\xe8\xae\xa1\xe7\xae\x97\xe6\x9c\xba\xe8\xbd\xaf\xe4\xbb\xb6\xe5\x90\x84\xe9\xa2\x86\xe5\x9f\x9f\xe5\x8e\x9f\xe5\x88\x9b\xe6\x80\xa7\xe7\xa0\x94\xe7\xa9\xb6\xe6\x88\x90\xe6\x9e\x9c\xe7\x9a\x84\xe6\x9c\x9f\xe5\x88\x8a,\xe6\x89\x80\xe5\x88\x8a\xe7\x99\xbb\xe7\x9a\x84\xe8\xae\xba\xe6\x96\x87\xe5\x9d\x87\xe7\xbb\x8f\xe8\xbf\x87\xe4\xb8\xa5\xe6\xa0\xbc\xe7\x9a\x84\xe5\x90\x8c\xe8\xa1\x8c\xe4\xb8\x93\xe5\xae\xb6\xe8\xaf\x84\xe8\xae\xae.\xe3\x80\x8a\xe8\xbd\xaf\xe4\xbb\xb6\xe5\xad\xa6\xe6\x8a\xa5\xe3\x80\x8b\xe4\xb8\xbb\xe8\xa6\x81\xe9\x9d\xa2\xe5\x90\x91\xe5\x85\xa8\xe7\x90\x83\xe5\x8d\x8e\xe4\xba\xba\xe8\xae\xa1\xe7\xae\x97\xe6\x9c\xba\xe8\xbd\xaf\xe4\xbb\xb6\xe5\xad\xa6\xe8\x80\x85,\xe8\x87\xb4\xe5\x8a\x9b\xe4\xba\x8e\xe5\x88\x9b\xe5\x8a\x9e\xe4\xb8\x8e\xe4\xb8\x96\xe7\x95\x8c\xe8\xae\xa1\xe7\xae\x97\xe6\x9c\xba\xe7\xa7\x91\xe5\xad\xa6\xe5\x92\x8c\xe8\xbd\xaf\xe4\xbb\xb6\xe6\x8a\x80\xe6\x9c\xaf\xe5\x8f\x91\xe5\xb1\x95\xe5\x90\x8c\xe6\xad\xa5\xe7\x9a\x84\xe4\xbb\xa5\xe4\xb8\xad\xe6\x96\x87\xe4\xb8\xba\xe4\xb8\xbb\xe7\x9a\x84"\xe4\xb8\xad\xe6\x96\x87\xe5\x9b\xbd\xe9\x99\x85\xe8\xbd\xaf\xe4\xbb\xb6\xe5\xad\xa6\xe6\x9c\xaf\xe6\x9c\x9f\xe5\x88\x8a",\xe4\xb8\xba\xe5\x85\xa8\xe7\x90\x83\xe5\x8d\x8e\xe4\xba\xba\xe5\x90\x8c\xe8\xa1\x8c\xe6\x8f\x90\xe4\xbe\x9b\xe5\xad\xa6\xe6\x9c\xaf\xe4\xba\xa4\xe6\xb5\x81\xe5\xb9\xb3\xe5\x8f\xb0.\xe3\x80\x8a\xe8\xbd\xaf\xe4\xbb\xb6\xe5\xad\xa6\xe6\x8a\xa5\xe3\x80\x8b\xe5\x88\x9b\xe5\x88\x8a\xe4\xba\x8e1990\xe5\xb9\xb4,\xe7\x94\xb1\xe4\xb8\xad\xe5\x9b\xbd\xe7\xa7\x91\xe5\xad\xa6\xe9\x99\xa2\xe8\xbd\xaf\xe4\xbb\xb6\xe7\xa0\x94\xe7\xa9\xb6\xe6\x89\x80\xe5\x92\x8c\xe4\xb8\xad\xe5\x9b\xbd\xe8\xae\xa1\xe7\xae\x97\xe6\x9c\xba\xe5\xad\xa6\xe4\xbc\x9a\xe8\x81\x94\xe5\x90\x88\xe4\xb8\xbb\xe5\x8a\x9e,\xe5\xb7\xb2\xe8\xa2\xabEI Compendex,INSPEC,Abstracts Magazine,Mathematical Review,Zentralblatt MATH\xe7\xad\x89\xe5\x9b\xbd\xe9\x99\x85\xe6\x95\xb0\xe6\x8d\xae\xe5\xba\x93\xe6\x94\xb6\xe5\xbd\x95.'],
 'author': [],
 'downloadFreq': ['71'],
 'institution': [],
 'keyWord': ['\xe3\x80\x8a\xe8\xbd\xaf\xe4\xbb\xb6\xe5\xad\xa6\xe6\x8a\xa5\xe3\x80\x8b',
             'Zentralblatt',
             '\xe4\xb8\xad\xe5\x9b\xbd\xe8\xae\xa1\xe7\xae\x97\xe6\x9c\xba\xe5\xad\xa6\xe4\xbc\x9a',
             '\xe8\xbd\xaf\xe4\xbb\xb6\xe6\x8a\x80\xe6\x9c\xaf\xe5\x8f\x91\xe5\xb1\x95',
             '\xe5\x9b\xbd\xe9\x99\x85\xe6\x95\xb0\xe6\x8d\xae\xe5\xba\x93',
             '\xe5\xad\xa6\xe6\x9c\xaf\xe4\xba\xa4\xe6\xb5\x81',
             '\xe5\xad\xa6\xe6\x9c\xaf\xe6\x9c\x9f\xe5\x88\x8a',
             '\xe8\xae\xa1\xe7\xae\x97\xe6\x9c\xba\xe7\xa7\x91\xe5\xad\xa6',
             '\xe4\xb8\x80\xe6\x9c\xac',
             '\xe5\x9c\xa8\xe7\xba\xbf\xe5\x87\xba\xe7\x89\x88'],
 'quoteFreq': ['0'],
 'title': ['\xe3\x80\x8a\xe8\xbd\xaf\xe4\xbb\xb6\xe5\xad\xa6\xe6\x8a\xa5\xe3\x80\x8b\xe6\x8a\x95\xe7\xa8\xbf\xe6\x8c\x87\xe5\x8d\x97']}
